{"C:\\Users\\audbr\\Documents\\School\\seperate430\\CareMap\\assets\\crayon.jpeg": {"path":"C:\\Users\\audbr\\Documents\\School\\seperate430\\CareMap\\assets\\crayon.jpeg","statementMap":{"0":{"start":{"line":1,"column":0},"end":{"line":4,"column":6}}},"fnMap":{},"branchMap":{},"s":{"0":1},"f":{},"b":{},"_coverageSchema":"43e27e138ebf9cfc5966b082cf9a028302ed4184","hash":"281ad9ef78d7ef9f7907fa4480c9fabc132bded2"}
,"C:\\Users\\audbr\\Documents\\School\\seperate430\\CareMap\\assets\\ele.jpg": {"path":"C:\\Users\\audbr\\Documents\\School\\seperate430\\CareMap\\assets\\ele.jpg","statementMap":{"0":{"start":{"line":1,"column":0},"end":{"line":4,"column":6}}},"fnMap":{},"branchMap":{},"s":{"0":1},"f":{},"b":{},"_coverageSchema":"43e27e138ebf9cfc5966b082cf9a028302ed4184","hash":"8db180b64f4cd709ae31de035dbe743bd8001ef3"}
,"C:\\Users\\audbr\\Documents\\School\\seperate430\\CareMap\\assets\\kids-drawing.jpeg": {"path":"C:\\Users\\audbr\\Documents\\School\\seperate430\\CareMap\\assets\\kids-drawing.jpeg","statementMap":{"0":{"start":{"line":1,"column":0},"end":{"line":4,"column":6}}},"fnMap":{},"branchMap":{},"s":{"0":1},"f":{},"b":{},"_coverageSchema":"43e27e138ebf9cfc5966b082cf9a028302ed4184","hash":"fd69315146ab3488290495a3a3ecb6a7aae0c626"}
,"C:\\Users\\audbr\\Documents\\School\\seperate430\\CareMap\\assets\\kids-eating.jpeg": {"path":"C:\\Users\\audbr\\Documents\\School\\seperate430\\CareMap\\assets\\kids-eating.jpeg","statementMap":{"0":{"start":{"line":1,"column":0},"end":{"line":4,"column":6}}},"fnMap":{},"branchMap":{},"s":{"0":1},"f":{},"b":{},"_coverageSchema":"43e27e138ebf9cfc5966b082cf9a028302ed4184","hash":"bdf7b12ea423723622ae19dd95b7f64388a08d2e"}
,"C:\\Users\\audbr\\Documents\\School\\seperate430\\CareMap\\assets\\reading-book.jpeg": {"path":"C:\\Users\\audbr\\Documents\\School\\seperate430\\CareMap\\assets\\reading-book.jpeg","statementMap":{"0":{"start":{"line":1,"column":0},"end":{"line":4,"column":6}}},"fnMap":{},"branchMap":{},"s":{"0":1},"f":{},"b":{},"_coverageSchema":"43e27e138ebf9cfc5966b082cf9a028302ed4184","hash":"ffbb9d6433486638d530513c7e88e3e05e3a63c6"}
,"C:\\Users\\audbr\\Documents\\School\\seperate430\\CareMap\\src\\components\\ChildcareImageDetail.js": {"path":"C:\\Users\\audbr\\Documents\\School\\seperate430\\CareMap\\src\\components\\ChildcareImageDetail.js","statementMap":{"0":{"start":{"line":5,"column":29},"end":{"line":14,"column":1}},"1":{"start":{"line":6,"column":2},"end":{"line":6,"column":21}},"2":{"start":{"line":7,"column":2},"end":{"line":13,"column":4}},"3":{"start":{"line":16,"column":15},"end":{"line":40,"column":2}}},"fnMap":{"0":{"name":"(anonymous_0)","decl":{"start":{"line":5,"column":29},"end":{"line":5,"column":30}},"loc":{"start":{"line":5,"column":38},"end":{"line":14,"column":1}},"line":5}},"branchMap":{},"s":{"0":1,"1":4,"2":4,"3":1},"f":{"0":4},"b":{},"_coverageSchema":"43e27e138ebf9cfc5966b082cf9a028302ed4184","hash":"d41038abc5943606df946f14ef29f0f7845ff68a"}
,"C:\\Users\\audbr\\Documents\\School\\seperate430\\CareMap\\src\\screens\\ComponentsScreen.js": {"path":"C:\\Users\\audbr\\Documents\\School\\seperate430\\CareMap\\src\\screens\\ComponentsScreen.js","statementMap":{"0":{"start":{"line":18,"column":2},"end":{"line":21,"column":89}},"1":{"start":{"line":23,"column":2},"end":{"line":25,"column":99}},"2":{"start":{"line":27,"column":2},"end":{"line":29,"column":271}},"3":{"start":{"line":31,"column":2},"end":{"line":34,"column":82}},"4":{"start":{"line":35,"column":16},"end":{"line":52,"column":1}},"5":{"start":{"line":56,"column":10},"end":{"line":60,"column":3}},"6":{"start":{"line":62,"column":19},"end":{"line":64,"column":3}},"7":{"start":{"line":63,"column":4},"end":{"line":63,"column":56}},"8":{"start":{"line":66,"column":16},"end":{"line":70,"column":3}},"9":{"start":{"line":67,"column":4},"end":{"line":69,"column":7}},"10":{"start":{"line":72,"column":17},"end":{"line":82,"column":3}},"11":{"start":{"line":73,"column":4},"end":{"line":81,"column":6}},"12":{"start":{"line":85,"column":4},"end":{"line":95,"column":6}},"13":{"start":{"line":99,"column":47},"end":{"line":99,"column":57}},"14":{"start":{"line":101,"column":4},"end":{"line":133,"column":6}},"15":{"start":{"line":137,"column":15},"end":{"line":212,"column":2}}},"fnMap":{"0":{"name":"(anonymous_0)","decl":{"start":{"line":62,"column":19},"end":{"line":62,"column":20}},"loc":{"start":{"line":62,"column":25},"end":{"line":64,"column":3}},"line":62},"1":{"name":"(anonymous_1)","decl":{"start":{"line":66,"column":16},"end":{"line":66,"column":17}},"loc":{"start":{"line":66,"column":28},"end":{"line":70,"column":3}},"line":66},"2":{"name":"(anonymous_2)","decl":{"start":{"line":72,"column":17},"end":{"line":72,"column":18}},"loc":{"start":{"line":72,"column":43},"end":{"line":82,"column":3}},"line":72},"3":{"name":"(anonymous_3)","decl":{"start":{"line":84,"column":2},"end":{"line":84,"column":3}},"loc":{"start":{"line":84,"column":38},"end":{"line":96,"column":3}},"line":84},"4":{"name":"(anonymous_4)","decl":{"start":{"line":98,"column":2},"end":{"line":98,"column":3}},"loc":{"start":{"line":98,"column":11},"end":{"line":134,"column":3}},"line":98}},"branchMap":{"0":{"loc":{"start":{"line":68,"column":22},"end":{"line":68,"column":66}},"type":"cond-expr","locations":[{"start":{"line":68,"column":53},"end":{"line":68,"column":55}},{"start":{"line":68,"column":58},"end":{"line":68,"column":66}}],"line":68},"1":{"loc":{"start":{"line":76,"column":31},"end":{"line":76,"column":73}},"type":"cond-expr","locations":[{"start":{"line":76,"column":42},"end":{"line":76,"column":55}},{"start":{"line":76,"column":58},"end":{"line":76,"column":73}}],"line":76},"2":{"loc":{"start":{"line":88,"column":32},"end":{"line":88,"column":74}},"type":"cond-expr","locations":[{"start":{"line":88,"column":43},"end":{"line":88,"column":56}},{"start":{"line":88,"column":59},"end":{"line":88,"column":74}}],"line":88},"3":{"loc":{"start":{"line":91,"column":36},"end":{"line":91,"column":69}},"type":"cond-expr","locations":[{"start":{"line":91,"column":47},"end":{"line":91,"column":57}},{"start":{"line":91,"column":60},"end":{"line":91,"column":69}}],"line":91}},"s":{"0":1,"1":1,"2":1,"3":1,"4":1,"5":1,"6":1,"7":0,"8":1,"9":0,"10":1,"11":4,"12":4,"13":1,"14":1,"15":1},"f":{"0":0,"1":0,"2":4,"3":4,"4":1},"b":{"0":[0,0],"1":[0,4],"2":[0,4],"3":[0,4]},"_coverageSchema":"43e27e138ebf9cfc5966b082cf9a028302ed4184","hash":"65d075abdc80d4bd59ae52c36c859ea437db204f"}
,"C:\\Users\\audbr\\Documents\\School\\seperate430\\CareMap\\src\\screens\\ImageScreen.js": {"path":"C:\\Users\\audbr\\Documents\\School\\seperate430\\CareMap\\src\\screens\\ImageScreen.js","statementMap":{"0":{"start":{"line":9,"column":20},"end":{"line":31,"column":1}},"1":{"start":{"line":10,"column":2},"end":{"line":30,"column":4}},"2":{"start":{"line":33,"column":15},"end":{"line":47,"column":2}}},"fnMap":{"0":{"name":"(anonymous_0)","decl":{"start":{"line":9,"column":20},"end":{"line":9,"column":21}},"loc":{"start":{"line":9,"column":26},"end":{"line":31,"column":1}},"line":9}},"branchMap":{},"s":{"0":1,"1":1,"2":1},"f":{"0":1},"b":{},"_coverageSchema":"43e27e138ebf9cfc5966b082cf9a028302ed4184","hash":"54f5ed1d7e0cb4180d7442b2914697e905de6d45"}
}
