TN:
SF:C:\Users\audbr\Documents\School\seperate430\CareMap\assets\crayon.jpeg
FNF:0
FNH:0
DA:1,1
LF:1
LH:1
BRF:0
BRH:0
end_of_record
TN:
SF:C:\Users\audbr\Documents\School\seperate430\CareMap\assets\ele.jpg
FNF:0
FNH:0
DA:1,1
LF:1
LH:1
BRF:0
BRH:0
end_of_record
TN:
SF:C:\Users\audbr\Documents\School\seperate430\CareMap\assets\kids-drawing.jpeg
FNF:0
FNH:0
DA:1,1
LF:1
LH:1
BRF:0
BRH:0
end_of_record
TN:
SF:C:\Users\audbr\Documents\School\seperate430\CareMap\assets\kids-eating.jpeg
FNF:0
FNH:0
DA:1,1
LF:1
LH:1
BRF:0
BRH:0
end_of_record
TN:
SF:C:\Users\audbr\Documents\School\seperate430\CareMap\assets\reading-book.jpeg
FNF:0
FNH:0
DA:1,1
LF:1
LH:1
BRF:0
BRH:0
end_of_record
TN:
SF:C:\Users\audbr\Documents\School\seperate430\CareMap\src\components\ChildcareImageDetail.js
FN:5,(anonymous_0)
FNF:1
FNH:1
FNDA:4,(anonymous_0)
DA:5,1
DA:6,4
DA:7,4
DA:16,1
LF:4
LH:4
BRF:0
BRH:0
end_of_record
TN:
SF:C:\Users\audbr\Documents\School\seperate430\CareMap\src\screens\ComponentsScreen.js
FN:62,(anonymous_0)
FN:66,(anonymous_1)
FN:72,(anonymous_2)
FN:84,(anonymous_3)
FN:98,(anonymous_4)
FNF:5
FNH:3
FNDA:0,(anonymous_0)
FNDA:0,(anonymous_1)
FNDA:4,(anonymous_2)
FNDA:4,(anonymous_3)
FNDA:1,(anonymous_4)
DA:18,1
DA:23,1
DA:27,1
DA:31,1
DA:35,1
DA:56,1
DA:62,1
DA:63,0
DA:66,1
DA:67,0
DA:72,1
DA:73,4
DA:85,4
DA:99,1
DA:101,1
DA:137,1
LF:16
LH:14
BRDA:68,0,0,0
BRDA:68,0,1,0
BRDA:76,1,0,0
BRDA:76,1,1,4
BRDA:88,2,0,0
BRDA:88,2,1,4
BRDA:91,3,0,0
BRDA:91,3,1,4
BRF:8
BRH:3
end_of_record
TN:
SF:C:\Users\audbr\Documents\School\seperate430\CareMap\src\screens\ImageScreen.js
FN:9,(anonymous_0)
FNF:1
FNH:1
FNDA:1,(anonymous_0)
DA:9,1
DA:10,1
DA:33,1
LF:3
LH:3
BRF:0
BRH:0
end_of_record
